<?xml version="1.0" encoding="UTF-8"?>
<!-- Generated by org.testng.reporters.JUnitReportReporter -->
<testsuite hostname="Katwolf" failures="0" tests="5" name="testcases.CartManagementTest" time="5.086" errors="0" timestamp="2023-08-07T15:00:34 ICT" skipped="0">
  <testcase classname="testcases.CartManagementTest" name="TC_02_03" time="1.780"/>
  <system-out/>
  <testcase classname="testcases.CartManagementTest" name="TC_02_05" time="1.785"/>
  <system-out/>
  <testcase classname="testcases.CartManagementTest" name="TC_02_01" time="1.127"/>
  <system-out/>
  <testcase classname="testcases.CartManagementTest" name="TC_02_04" time="0.140"/>
  <system-out/>
  <testcase classname="testcases.CartManagementTest" name="TC_02_02" time="0.254"/>
  <system-out/>
</testsuite> <!-- testcases.CartManagementTest -->
