<?xml version="1.0" encoding="UTF-8"?>
<!-- Generated by org.testng.reporters.JUnitReportReporter -->
<testsuite hostname="Katwolf" failures="0" tests="5" name="testcases.CartManagementTest" time="6.519" errors="0" timestamp="2023-08-19T11:29:57 ICT" skipped="0">
  <testcase classname="testcases.CartManagementTest" name="TC_02_03" time="2.480"/>
  <system-out/>
  <testcase classname="testcases.CartManagementTest" name="TC_02_05" time="1.889"/>
  <system-out/>
  <testcase classname="testcases.CartManagementTest" name="TC_02_01" time="1.519"/>
  <system-out/>
  <testcase classname="testcases.CartManagementTest" name="TC_02_04" time="0.292"/>
  <system-out/>
  <testcase classname="testcases.CartManagementTest" name="TC_02_02" time="0.339"/>
  <system-out/>
</testsuite> <!-- testcases.CartManagementTest -->
